2014-10-24 18:32:32,021 - [INFO] - from play in pool-4-thread-1 
Listening for HTTP on /0:0:0:0:0:0:0:0:9000

2014-10-24 18:33:10,703 - [ERROR] - from application in New I/O worker #1 


! @6k1lh09dp - Internal server error, for (GET) [/book/1] ->

play.PlayExceptions$CompilationException: Compilation error[polymorphic expression cannot be instantiated to expected type;
 found   : [A]anorm.ResultSetParser[Option[Long]]
 required: anorm.ResultSetParser[Int]]
	at play.PlayExceptions$CompilationException$.apply(PlayExceptions.scala:27) ~[na:na]
	at play.PlayExceptions$CompilationException$.apply(PlayExceptions.scala:27) ~[na:na]
	at scala.Option.map(Option.scala:145) ~[scala-library-2.11.2.jar:na]
	at play.PlayReloader$$anon$1$$anonfun$play$PlayReloader$$anon$$taskFailureHandler$1.apply(PlayReloader.scala:234) ~[na:na]
	at play.PlayReloader$$anon$1$$anonfun$play$PlayReloader$$anon$$taskFailureHandler$1.apply(PlayReloader.scala:229) ~[na:na]
	at scala.Option.map(Option.scala:145) ~[scala-library-2.11.2.jar:na]
	at play.PlayReloader$$anon$1.play$PlayReloader$$anon$$taskFailureHandler(PlayReloader.scala:229) ~[na:na]
	at play.PlayReloader$$anon$1$$anonfun$reload$2.apply(PlayReloader.scala:89) ~[na:na]
	at play.PlayReloader$$anon$1$$anonfun$reload$2.apply(PlayReloader.scala:89) ~[na:na]
	at scala.util.Either$LeftProjection.map(Either.scala:377) ~[scala-library-2.11.2.jar:na]
	at play.PlayReloader$$anon$1.reload(PlayReloader.scala:89) ~[na:na]
	at play.core.ReloadableApplication$$anonfun$get$1.apply(ApplicationProvider.scala:122) ~[play_2.11-2.3.4.jar:2.3.4]
	at play.core.ReloadableApplication$$anonfun$get$1.apply(ApplicationProvider.scala:120) ~[play_2.11-2.3.4.jar:2.3.4]
	at scala.concurrent.impl.Future$PromiseCompletingRunnable.liftedTree1$1(Future.scala:24) ~[scala-library-2.11.2.jar:na]
	at scala.concurrent.impl.Future$PromiseCompletingRunnable.run(Future.scala:24) ~[scala-library-2.11.2.jar:na]
	at scala.concurrent.forkjoin.ForkJoinTask$AdaptedRunnableAction.exec(ForkJoinTask.java:1361) ~[scala-library-2.11.2.jar:na]
	at scala.concurrent.forkjoin.ForkJoinTask.doExec(ForkJoinTask.java:260) ~[scala-library-2.11.2.jar:na]
	at scala.concurrent.forkjoin.ForkJoinPool$WorkQueue.runTask(ForkJoinPool.java:1339) ~[scala-library-2.11.2.jar:na]
	at scala.concurrent.forkjoin.ForkJoinPool.runWorker(ForkJoinPool.java:1979) ~[scala-library-2.11.2.jar:na]
	at scala.concurrent.forkjoin.ForkJoinWorkerThread.run(ForkJoinWorkerThread.java:107) ~[scala-library-2.11.2.jar:na]

2014-10-24 18:33:10,865 - [WARN] - from play in New I/O worker #1 
No application found at invoker init

2014-10-24 18:33:41,623 - [ERROR] - from application in New I/O worker #1 


! @6k1lh237k - Internal server error, for (GET) [/tickets/1/book/1] ->

play.PlayExceptions$CompilationException: Compilation error[polymorphic expression cannot be instantiated to expected type;
 found   : [A]anorm.ResultSetParser[Option[Long]]
 required: anorm.ResultSetParser[Int]]
	at play.PlayExceptions$CompilationException$.apply(PlayExceptions.scala:27) ~[na:na]
	at play.PlayExceptions$CompilationException$.apply(PlayExceptions.scala:27) ~[na:na]
	at scala.Option.map(Option.scala:145) ~[scala-library-2.11.2.jar:na]
	at play.PlayReloader$$anon$1$$anonfun$play$PlayReloader$$anon$$taskFailureHandler$1.apply(PlayReloader.scala:234) ~[na:na]
	at play.PlayReloader$$anon$1$$anonfun$play$PlayReloader$$anon$$taskFailureHandler$1.apply(PlayReloader.scala:229) ~[na:na]
	at scala.Option.map(Option.scala:145) ~[scala-library-2.11.2.jar:na]
	at play.PlayReloader$$anon$1.play$PlayReloader$$anon$$taskFailureHandler(PlayReloader.scala:229) ~[na:na]
	at play.PlayReloader$$anon$1$$anonfun$reload$2.apply(PlayReloader.scala:89) ~[na:na]
	at play.PlayReloader$$anon$1$$anonfun$reload$2.apply(PlayReloader.scala:89) ~[na:na]
	at scala.util.Either$LeftProjection.map(Either.scala:377) ~[scala-library-2.11.2.jar:na]
	at play.PlayReloader$$anon$1.reload(PlayReloader.scala:89) ~[na:na]
	at play.core.ReloadableApplication$$anonfun$get$1.apply(ApplicationProvider.scala:122) ~[play_2.11-2.3.4.jar:2.3.4]
	at play.core.ReloadableApplication$$anonfun$get$1.apply(ApplicationProvider.scala:120) ~[play_2.11-2.3.4.jar:2.3.4]
	at scala.concurrent.impl.Future$PromiseCompletingRunnable.liftedTree1$1(Future.scala:24) ~[scala-library-2.11.2.jar:na]
	at scala.concurrent.impl.Future$PromiseCompletingRunnable.run(Future.scala:24) ~[scala-library-2.11.2.jar:na]
	at scala.concurrent.forkjoin.ForkJoinTask$AdaptedRunnableAction.exec(ForkJoinTask.java:1361) ~[scala-library-2.11.2.jar:na]
	at scala.concurrent.forkjoin.ForkJoinTask.doExec(ForkJoinTask.java:260) ~[scala-library-2.11.2.jar:na]
	at scala.concurrent.forkjoin.ForkJoinPool$WorkQueue.runTask(ForkJoinPool.java:1339) ~[scala-library-2.11.2.jar:na]
	at scala.concurrent.forkjoin.ForkJoinPool.runWorker(ForkJoinPool.java:1979) ~[scala-library-2.11.2.jar:na]
	at scala.concurrent.forkjoin.ForkJoinWorkerThread.run(ForkJoinWorkerThread.java:107) ~[scala-library-2.11.2.jar:na]

2014-10-24 18:34:20,559 - [ERROR] - from application in New I/O worker #2 


! @6k1lh48n8 - Internal server error, for (GET) [/tickets/1/book/1] ->

play.PlayExceptions$CompilationException: Compilation error[type mismatch;
 found   : models.Booking
 required: Int => ?]
	at play.PlayExceptions$CompilationException$.apply(PlayExceptions.scala:27) ~[na:na]
	at play.PlayExceptions$CompilationException$.apply(PlayExceptions.scala:27) ~[na:na]
	at scala.Option.map(Option.scala:145) ~[scala-library-2.11.2.jar:na]
	at play.PlayReloader$$anon$1$$anonfun$play$PlayReloader$$anon$$taskFailureHandler$1.apply(PlayReloader.scala:234) ~[na:na]
	at play.PlayReloader$$anon$1$$anonfun$play$PlayReloader$$anon$$taskFailureHandler$1.apply(PlayReloader.scala:229) ~[na:na]
	at scala.Option.map(Option.scala:145) ~[scala-library-2.11.2.jar:na]
	at play.PlayReloader$$anon$1.play$PlayReloader$$anon$$taskFailureHandler(PlayReloader.scala:229) ~[na:na]
	at play.PlayReloader$$anon$1$$anonfun$reload$2.apply(PlayReloader.scala:89) ~[na:na]
	at play.PlayReloader$$anon$1$$anonfun$reload$2.apply(PlayReloader.scala:89) ~[na:na]
	at scala.util.Either$LeftProjection.map(Either.scala:377) ~[scala-library-2.11.2.jar:na]
	at play.PlayReloader$$anon$1.reload(PlayReloader.scala:89) ~[na:na]
	at play.core.ReloadableApplication$$anonfun$get$1.apply(ApplicationProvider.scala:122) ~[play_2.11-2.3.4.jar:2.3.4]
	at play.core.ReloadableApplication$$anonfun$get$1.apply(ApplicationProvider.scala:120) ~[play_2.11-2.3.4.jar:2.3.4]
	at scala.concurrent.impl.Future$PromiseCompletingRunnable.liftedTree1$1(Future.scala:24) ~[scala-library-2.11.2.jar:na]
	at scala.concurrent.impl.Future$PromiseCompletingRunnable.run(Future.scala:24) ~[scala-library-2.11.2.jar:na]
	at scala.concurrent.forkjoin.ForkJoinTask$AdaptedRunnableAction.exec(ForkJoinTask.java:1361) ~[scala-library-2.11.2.jar:na]
	at scala.concurrent.forkjoin.ForkJoinTask.doExec(ForkJoinTask.java:260) ~[scala-library-2.11.2.jar:na]
	at scala.concurrent.forkjoin.ForkJoinPool$WorkQueue.runTask(ForkJoinPool.java:1339) ~[scala-library-2.11.2.jar:na]
	at scala.concurrent.forkjoin.ForkJoinPool.runWorker(ForkJoinPool.java:1979) ~[scala-library-2.11.2.jar:na]
	at scala.concurrent.forkjoin.ForkJoinWorkerThread.run(ForkJoinWorkerThread.java:107) ~[scala-library-2.11.2.jar:na]

2014-10-24 18:34:46,733 - [ERROR] - from application in New I/O worker #2 


! @6k1lh5lg0 - Internal server error, for (GET) [/tickets/1/book/1] ->

play.PlayExceptions$CompilationException: Compilation error[You do not have an implicit Application in scope. If you want to bring the current running Application into context, just add import play.api.Play.current]
	at play.PlayExceptions$CompilationException$.apply(PlayExceptions.scala:27) ~[na:na]
	at play.PlayExceptions$CompilationException$.apply(PlayExceptions.scala:27) ~[na:na]
	at scala.Option.map(Option.scala:145) ~[scala-library-2.11.2.jar:na]
	at play.PlayReloader$$anon$1$$anonfun$play$PlayReloader$$anon$$taskFailureHandler$1.apply(PlayReloader.scala:234) ~[na:na]
	at play.PlayReloader$$anon$1$$anonfun$play$PlayReloader$$anon$$taskFailureHandler$1.apply(PlayReloader.scala:229) ~[na:na]
	at scala.Option.map(Option.scala:145) ~[scala-library-2.11.2.jar:na]
	at play.PlayReloader$$anon$1.play$PlayReloader$$anon$$taskFailureHandler(PlayReloader.scala:229) ~[na:na]
	at play.PlayReloader$$anon$1$$anonfun$reload$2.apply(PlayReloader.scala:89) ~[na:na]
	at play.PlayReloader$$anon$1$$anonfun$reload$2.apply(PlayReloader.scala:89) ~[na:na]
	at scala.util.Either$LeftProjection.map(Either.scala:377) ~[scala-library-2.11.2.jar:na]
	at play.PlayReloader$$anon$1.reload(PlayReloader.scala:89) ~[na:na]
	at play.core.ReloadableApplication$$anonfun$get$1.apply(ApplicationProvider.scala:122) ~[play_2.11-2.3.4.jar:2.3.4]
	at play.core.ReloadableApplication$$anonfun$get$1.apply(ApplicationProvider.scala:120) ~[play_2.11-2.3.4.jar:2.3.4]
	at scala.concurrent.impl.Future$PromiseCompletingRunnable.liftedTree1$1(Future.scala:24) ~[scala-library-2.11.2.jar:na]
	at scala.concurrent.impl.Future$PromiseCompletingRunnable.run(Future.scala:24) ~[scala-library-2.11.2.jar:na]
	at scala.concurrent.forkjoin.ForkJoinTask$AdaptedRunnableAction.exec(ForkJoinTask.java:1361) ~[scala-library-2.11.2.jar:na]
	at scala.concurrent.forkjoin.ForkJoinTask.doExec(ForkJoinTask.java:260) ~[scala-library-2.11.2.jar:na]
	at scala.concurrent.forkjoin.ForkJoinPool$WorkQueue.runTask(ForkJoinPool.java:1339) ~[scala-library-2.11.2.jar:na]
	at scala.concurrent.forkjoin.ForkJoinPool.runWorker(ForkJoinPool.java:1979) ~[scala-library-2.11.2.jar:na]
	at scala.concurrent.forkjoin.ForkJoinWorkerThread.run(ForkJoinWorkerThread.java:107) ~[scala-library-2.11.2.jar:na]

2014-10-24 18:35:15,417 - [INFO] - from play in play-internal-execution-context-1 
Application started (Dev)

2014-10-24 18:35:15,493 - [ERROR] - from application in play-akka.actor.default-dispatcher-6 


! @6k1lh7c44 - Internal server error, for (GET) [/tickets/1/book/1] ->

play.api.Application$$anon$1: Execution exception[[Exception: DB plugin is not registered.]]
	at play.api.Application$class.handleError(Application.scala:296) ~[play_2.11-2.3.4.jar:2.3.4]
	at play.api.DefaultApplication.handleError(Application.scala:402) [play_2.11-2.3.4.jar:2.3.4]
	at play.core.server.netty.PlayDefaultUpstreamHandler$$anonfun$14$$anonfun$apply$1.applyOrElse(PlayDefaultUpstreamHandler.scala:205) [play_2.11-2.3.4.jar:2.3.4]
	at play.core.server.netty.PlayDefaultUpstreamHandler$$anonfun$14$$anonfun$apply$1.applyOrElse(PlayDefaultUpstreamHandler.scala:202) [play_2.11-2.3.4.jar:2.3.4]
	at scala.runtime.AbstractPartialFunction.apply(AbstractPartialFunction.scala:36) [scala-library-2.11.2.jar:na]
	at scala.util.Failure$$anonfun$recover$1.apply(Try.scala:215) [scala-library-2.11.2.jar:na]
	at scala.util.Try$.apply(Try.scala:191) [scala-library-2.11.2.jar:na]
	at scala.util.Failure.recover(Try.scala:215) [scala-library-2.11.2.jar:na]
	at scala.concurrent.Future$$anonfun$recover$1.apply(Future.scala:324) [scala-library-2.11.2.jar:na]
	at scala.concurrent.Future$$anonfun$recover$1.apply(Future.scala:324) [scala-library-2.11.2.jar:na]
	at scala.concurrent.impl.CallbackRunnable.run(Promise.scala:32) [scala-library-2.11.2.jar:na]
	at play.api.libs.iteratee.Execution$trampoline$.execute(Execution.scala:46) [play-iteratees_2.11-2.3.4.jar:2.3.4]
	at scala.concurrent.impl.CallbackRunnable.executeWithValue(Promise.scala:40) [scala-library-2.11.2.jar:na]
	at scala.concurrent.impl.Promise$DefaultPromise.tryComplete(Promise.scala:248) [scala-library-2.11.2.jar:na]
	at scala.concurrent.Promise$class.complete(Promise.scala:55) [scala-library-2.11.2.jar:na]
	at scala.concurrent.impl.Promise$DefaultPromise.complete(Promise.scala:153) [scala-library-2.11.2.jar:na]
	at scala.concurrent.impl.Future$PromiseCompletingRunnable.run(Future.scala:23) [scala-library-2.11.2.jar:na]
	at akka.dispatch.TaskInvocation.run(AbstractDispatcher.scala:41) [akka-actor_2.11-2.3.6.jar:na]
	at akka.dispatch.ForkJoinExecutorConfigurator$AkkaForkJoinTask.exec(AbstractDispatcher.scala:393) [akka-actor_2.11-2.3.6.jar:na]
	at scala.concurrent.forkjoin.ForkJoinTask.doExec(ForkJoinTask.java:260) [scala-library-2.11.2.jar:na]
	at scala.concurrent.forkjoin.ForkJoinPool$WorkQueue.runTask(ForkJoinPool.java:1339) [scala-library-2.11.2.jar:na]
	at scala.concurrent.forkjoin.ForkJoinPool.runWorker(ForkJoinPool.java:1979) [scala-library-2.11.2.jar:na]
	at scala.concurrent.forkjoin.ForkJoinWorkerThread.run(ForkJoinWorkerThread.java:107) [scala-library-2.11.2.jar:na]
Caused by: java.lang.Exception: DB plugin is not registered.
	at play.api.db.DB$.play$api$db$DB$$error(DB.scala:123) ~[play-jdbc_2.11-2.3.4.jar:2.3.4]
	at play.api.db.DB$$anonfun$withTransaction$5.apply(DB.scala:184) ~[play-jdbc_2.11-2.3.4.jar:2.3.4]
	at play.api.db.DB$$anonfun$withTransaction$5.apply(DB.scala:184) ~[play-jdbc_2.11-2.3.4.jar:2.3.4]
	at scala.Option.getOrElse(Option.scala:120) ~[scala-library-2.11.2.jar:na]
	at play.api.db.DB$.withTransaction(DB.scala:184) ~[play-jdbc_2.11-2.3.4.jar:2.3.4]
	at db.TicketsRepository$.bookForEvent(TicketsRepository.scala:13) ~[na:na]
	at controllers.Tickets$$anonfun$book$1.apply(Tickets.scala:11) ~[na:na]
	at controllers.Tickets$$anonfun$book$1.apply(Tickets.scala:9) ~[na:na]
	at play.api.mvc.ActionBuilder$$anonfun$apply$17.apply(Action.scala:464) ~[play_2.11-2.3.4.jar:2.3.4]
	at play.api.mvc.ActionBuilder$$anonfun$apply$17.apply(Action.scala:464) ~[play_2.11-2.3.4.jar:2.3.4]
	at play.api.mvc.ActionBuilder$$anonfun$apply$16.apply(Action.scala:433) ~[play_2.11-2.3.4.jar:2.3.4]
	at play.api.mvc.ActionBuilder$$anonfun$apply$16.apply(Action.scala:432) ~[play_2.11-2.3.4.jar:2.3.4]
	at play.api.mvc.Action$.invokeBlock(Action.scala:556) ~[play_2.11-2.3.4.jar:2.3.4]
	at play.api.mvc.Action$.invokeBlock(Action.scala:555) ~[play_2.11-2.3.4.jar:2.3.4]
	at play.api.mvc.ActionBuilder$$anon$1.apply(Action.scala:518) ~[play_2.11-2.3.4.jar:2.3.4]
	at play.api.mvc.Action$$anonfun$apply$1$$anonfun$apply$4$$anonfun$apply$5.apply(Action.scala:130) ~[play_2.11-2.3.4.jar:2.3.4]
	at play.api.mvc.Action$$anonfun$apply$1$$anonfun$apply$4$$anonfun$apply$5.apply(Action.scala:130) ~[play_2.11-2.3.4.jar:2.3.4]
	at play.utils.Threads$.withContextClassLoader(Threads.scala:21) ~[play_2.11-2.3.4.jar:2.3.4]
	at play.api.mvc.Action$$anonfun$apply$1$$anonfun$apply$4.apply(Action.scala:129) ~[play_2.11-2.3.4.jar:2.3.4]
	at play.api.mvc.Action$$anonfun$apply$1$$anonfun$apply$4.apply(Action.scala:128) ~[play_2.11-2.3.4.jar:2.3.4]
	at scala.Option.map(Option.scala:145) ~[scala-library-2.11.2.jar:na]
	at play.api.mvc.Action$$anonfun$apply$1.apply(Action.scala:128) ~[play_2.11-2.3.4.jar:2.3.4]
	at play.api.mvc.Action$$anonfun$apply$1.apply(Action.scala:121) ~[play_2.11-2.3.4.jar:2.3.4]
	at play.api.libs.iteratee.DoneIteratee$$anonfun$mapM$2.apply(Iteratee.scala:705) ~[play-iteratees_2.11-2.3.4.jar:2.3.4]
	at play.api.libs.iteratee.DoneIteratee$$anonfun$mapM$2.apply(Iteratee.scala:705) ~[play-iteratees_2.11-2.3.4.jar:2.3.4]
	at scala.concurrent.impl.Future$PromiseCompletingRunnable.liftedTree1$1(Future.scala:24) [scala-library-2.11.2.jar:na]
	at scala.concurrent.impl.Future$PromiseCompletingRunnable.run(Future.scala:24) [scala-library-2.11.2.jar:na]
	... 6 common frames omitted

